18:46:28.118 [main] INFO  com.daml.navigator.config.Config$ - Loading SDK config file from /Data/Learn/DAML/101blockchains.com/ex-models/tic-tac-toe/daml.yaml 
18:46:30.642 [da-ui-backend-akka.actor.default-dispatcher-6] INFO  akka.event.slf4j.Slf4jLogger - Slf4jLogger started 
18:46:30.803 [da-ui-backend-akka.actor.default-dispatcher-6] INFO  c.d.n.store.platform.PlatformStore - Connecting to localhost:6865, using a plaintext connection akkaAddress=akka://da-ui-backend, sourceThread=da-ui-backend-akka.actor.default-dispatcher-7, akkaSource=akka://da-ui-backend/user/$a, sourceActorSystem=da-ui-backend, akkaTimestamp=21:46:30.799UTC
18:46:31.848 [main] INFO  com.daml.navigator.NavigatorBackend$ - DA UI backend server listening on port 7500 
18:46:32.128 [da-ui-backend-akka.actor.default-dispatcher-7] INFO  c.d.n.store.platform.PlatformStore - Time service is not implemented akkaAddress=akka://da-ui-backend, sourceThread=scala-execution-context-global-13, akkaSource=akka://da-ui-backend/user/$a, sourceActorSystem=da-ui-backend, akkaTimestamp=21:46:32.127UTC
18:46:32.134 [da-ui-backend-akka.actor.default-dispatcher-6] INFO  c.d.n.store.platform.PlatformStore - Connected to platform at 'localhost:6865' akkaAddress=akka://da-ui-backend, sourceThread=scala-execution-context-global-14, akkaSource=akka://da-ui-backend/user/$a, sourceActorSystem=da-ui-backend, akkaTimestamp=21:46:32.133UTC
18:46:34.199 [da-ui-backend-akka.actor.default-dispatcher-7] INFO  c.d.n.s.platform.PlatformSubscriber - Successfully loaded packages [c1f1f00558799eec139fb4f4c76f95fb52fa1837a5dd29600baa1c8ed1bdccfd, 733e38d36a2759688a4b2c4cec69d48e7b55ecc8dedc8067b815926c917a182a, bfcd37bd6b84768e86e432f5f6c33e25d9e7724a9d42e33875ff74f6348e733f, 518032f41fd0175461b35ae0c9691e08b4aea55e62915f8360af2cc7a1f2ba6c, cc348d369011362a5190fe96dd1f0dfbc697fdfd10e382b9e9666f0da05961b7, 90c5f2e935782c9dc7f22050e0d39d8d2401e28492b43b7a07f066201c49da13, 6839a6d3d430c569b2425e9391717b44ca324b88ba621d597778811b2d05031d, 99a2705ed38c1c26cbb8fe7acf36bbf626668e167a33335de932599219e0a235, 76bf0fd12bd945762a01f8fc5bbcdfa4d0ff20f8762af490f8f41d6237c6524f, e22bce619ae24ca3b8e6519281cb5a33b64b3190cc763248b4c3f9ad5087a92c, d58cf9939847921b2aab78eaa7b427dc4c649d25e6bee3c749ace4c3f52f5c97, 6c2c0667393c5f92f1885163068cd31800d2264eb088eb6fc740e11241b2bf06, 2e496c511afa01bee46a954470a0d8433a28dcce7afa1cfaaabb92604a64c542, df8cceccbd0b0327d1d95d073af85778a9093e0009ffec020572ecfd14e5a936, d14e08374fc7197d6a0de468c968ae8ba3aadbf9315476fd39071831f5923662, 057eed1fd48c238491b8ea06b9b5bf85a5d4c9275dd3f6183e0e6b01730cc2ba, e491352788e56ca4603acc411ffe1a49fefd76ed8b163af86cf5ee5f4c38645b, 40f452260bef3f29dede136108fc08a88d5a5250310281067087da6f0baddff7, 8a7806365bbd98d88b4c13832ebfa305f6abaeaf32cfa2b7dd25c4fa489b79fb] akkaAddress=akka://da-ui-backend, sourceThread=da-ui-backend-akka.actor.default-dispatcher-10, akkaSource=akka://da-ui-backend/user/$a/party-Player2, sourceActorSystem=da-ui-backend, akkaTimestamp=21:46:34.199UTC
18:46:34.200 [da-ui-backend-akka.actor.default-dispatcher-7] INFO  c.d.n.s.platform.PlatformSubscriber - Successfully loaded packages [c1f1f00558799eec139fb4f4c76f95fb52fa1837a5dd29600baa1c8ed1bdccfd, 733e38d36a2759688a4b2c4cec69d48e7b55ecc8dedc8067b815926c917a182a, bfcd37bd6b84768e86e432f5f6c33e25d9e7724a9d42e33875ff74f6348e733f, 518032f41fd0175461b35ae0c9691e08b4aea55e62915f8360af2cc7a1f2ba6c, cc348d369011362a5190fe96dd1f0dfbc697fdfd10e382b9e9666f0da05961b7, 90c5f2e935782c9dc7f22050e0d39d8d2401e28492b43b7a07f066201c49da13, 6839a6d3d430c569b2425e9391717b44ca324b88ba621d597778811b2d05031d, 99a2705ed38c1c26cbb8fe7acf36bbf626668e167a33335de932599219e0a235, 76bf0fd12bd945762a01f8fc5bbcdfa4d0ff20f8762af490f8f41d6237c6524f, e22bce619ae24ca3b8e6519281cb5a33b64b3190cc763248b4c3f9ad5087a92c, d58cf9939847921b2aab78eaa7b427dc4c649d25e6bee3c749ace4c3f52f5c97, 6c2c0667393c5f92f1885163068cd31800d2264eb088eb6fc740e11241b2bf06, 2e496c511afa01bee46a954470a0d8433a28dcce7afa1cfaaabb92604a64c542, df8cceccbd0b0327d1d95d073af85778a9093e0009ffec020572ecfd14e5a936, d14e08374fc7197d6a0de468c968ae8ba3aadbf9315476fd39071831f5923662, 057eed1fd48c238491b8ea06b9b5bf85a5d4c9275dd3f6183e0e6b01730cc2ba, e491352788e56ca4603acc411ffe1a49fefd76ed8b163af86cf5ee5f4c38645b, 40f452260bef3f29dede136108fc08a88d5a5250310281067087da6f0baddff7, 8a7806365bbd98d88b4c13832ebfa305f6abaeaf32cfa2b7dd25c4fa489b79fb] akkaAddress=akka://da-ui-backend, sourceThread=da-ui-backend-akka.actor.default-dispatcher-8, akkaSource=akka://da-ui-backend/user/$a/party-Player1, sourceActorSystem=da-ui-backend, akkaTimestamp=21:46:34.200UTC
18:48:02.744 [da-ui-backend-akka.actor.default-dispatcher-6] ERROR akka.actor.ActorSystemImpl - Error during processing of request: 'Can't read {
  "type": "undefined"
} as ApiValue, unknown type 'undefined''. Completing with 500 Internal Server Error response. To change default exception handling behavior, provide a custom ExceptionHandler. akkaAddress=akka://da-ui-backend, sourceThread=da-ui-backend-akka.actor.default-dispatcher-10, akkaSource=akka.actor.ActorSystemImpl(da-ui-backend), sourceActorSystem=da-ui-backend, akkaTimestamp=21:48:02.741UTC
spray.json.DeserializationException: Can't read {
  "type": "undefined"
} as ApiValue, unknown type 'undefined'
	at spray.json.package$.deserializationError(package.scala:23)
	at com.daml.navigator.json.ApiCodecVerbose$.jsValueToApiValue(ApiCodecVerbose.scala:176)
	at com.daml.navigator.json.ApiCodecVerbose$.jsValueToApiRecordField(ApiCodecVerbose.scala:137)
	at com.daml.navigator.json.ApiCodecVerbose$.$anonfun$jsValueToApiRecord$2(ApiCodecVerbose.scala:186)
	at scala.collection.immutable.List.map(List.scala:286)
	at com.daml.navigator.json.ApiCodecVerbose$.jsValueToApiRecord(ApiCodecVerbose.scala:186)
	at com.daml.navigator.json.ApiCodecVerbose$.jsValueToApiValue(ApiCodecVerbose.scala:143)
	at com.daml.navigator.json.ApiCodecVerbose$.$anonfun$jsValueToApiValue$1(ApiCodecVerbose.scala:147)
	at scala.collection.immutable.List.map(List.scala:290)
	at com.daml.navigator.json.ApiCodecVerbose$.jsValueToApiValue(ApiCodecVerbose.scala:147)
	at com.daml.navigator.json.ApiCodecVerbose$.jsValueToApiRecordField(ApiCodecVerbose.scala:137)
	at com.daml.navigator.json.ApiCodecVerbose$.$anonfun$jsValueToApiRecord$2(ApiCodecVerbose.scala:186)
	at scala.collection.immutable.List.map(List.scala:290)
	at com.daml.navigator.json.ApiCodecVerbose$.jsValueToApiRecord(ApiCodecVerbose.scala:186)
	at com.daml.navigator.json.ApiCodecVerbose$.jsValueToApiValue(ApiCodecVerbose.scala:143)
	at com.daml.navigator.json.ApiCodecVerbose$JsonImplicits$ApiValueJsonFormat$.read(ApiCodecVerbose.scala:255)
	at com.daml.navigator.json.ApiCodecVerbose$JsonImplicits$ApiValueJsonFormat$.read(ApiCodecVerbose.scala:253)
	at spray.json.JsValue.convertTo(JsValue.scala:33)
	at com.daml.navigator.graphql.JsonType$.coerceUserJsonInput(JsonType.scala:50)
	at com.daml.navigator.graphql.JsonType$.$anonfun$newScalarType$2(JsonType.scala:58)
	at sangria.execution.ValueCoercionHelper.isValidValue(ValueCoercionHelper.scala:408)
	at sangria.execution.ValueCoercionHelper.isValidValue(ValueCoercionHelper.scala:374)
	at sangria.execution.ValueCoercionHelper.getVariableValue(ValueCoercionHelper.scala:449)
	at sangria.execution.ValueCollector.$anonfun$getVariableValues$2(ValueCollector.scala:26)
	at scala.Option.map(Option.scala:230)
	at sangria.execution.ValueCollector.$anonfun$getVariableValues$1(ValueCollector.scala:26)
	at scala.collection.TraversableOnce$folder$1$.apply(TraversableOnce.scala:187)
	at scala.collection.TraversableOnce$folder$1$.apply(TraversableOnce.scala:185)
	at scala.collection.Iterator.foreach(Iterator.scala:943)
	at scala.collection.Iterator.foreach$(Iterator.scala:943)
	at scala.collection.AbstractIterator.foreach(Iterator.scala:1431)
	at scala.collection.IterableLike.foreach(IterableLike.scala:74)
	at scala.collection.IterableLike.foreach$(IterableLike.scala:73)
	at scala.collection.AbstractIterable.foreach(Iterable.scala:56)
	at scala.collection.TraversableOnce.foldLeft(TraversableOnce.scala:189)
	at scala.collection.TraversableOnce.foldLeft$(TraversableOnce.scala:184)
	at scala.collection.AbstractTraversable.foldLeft(Traversable.scala:108)
	at sangria.execution.ValueCollector.getVariableValues(ValueCollector.scala:23)
	at sangria.execution.Executor.$anonfun$execute$2(Executor.scala:89)
	at scala.util.Success.flatMap(Try.scala:251)
	at sangria.execution.Executor.execute(Executor.scala:88)
	at sangria.execution.Executor$.execute(Executor.scala:199)
	at com.daml.navigator.DefaultGraphQLHandler.$anonfun$executeQuery$2(GraphQLHandler.scala:75)
	at scala.Option.fold(Option.scala:251)
	at com.daml.navigator.DefaultGraphQLHandler.executeQuery(GraphQLHandler.scala:72)
	at com.daml.navigator.UIBackend.$anonfun$getRoute$36(UIBackend.scala:175)
	at akka.http.scaladsl.server.directives.RouteDirectives.$anonfun$complete$1(RouteDirectives.scala:47)
	at akka.http.scaladsl.server.StandardRoute$$anon$1.apply(StandardRoute.scala:19)
	at akka.http.scaladsl.server.StandardRoute$$anon$1.apply(StandardRoute.scala:19)
	at akka.http.scaladsl.server.directives.BasicDirectives.$anonfun$mapRouteResult$2(BasicDirectives.scala:68)
	at akka.http.scaladsl.server.directives.FutureDirectives.$anonfun$onComplete$3(FutureDirectives.scala:37)
	at akka.http.scaladsl.util.FastFuture$.$anonfun$transformWith$1(FastFuture.scala:37)
	at akka.http.scaladsl.util.FastFuture$.strictTransform$1(FastFuture.scala:41)
	at akka.http.scaladsl.util.FastFuture$.transformWith$extension1(FastFuture.scala:45)
	at akka.http.scaladsl.util.FastFuture$.transformWith$extension0(FastFuture.scala:37)
	at akka.http.scaladsl.server.directives.FutureDirectives.$anonfun$onComplete$2(FutureDirectives.scala:37)
	at akka.http.scaladsl.server.directives.BasicDirectives.$anonfun$textract$2(BasicDirectives.scala:161)
	at akka.http.scaladsl.server.directives.FutureDirectives.$anonfun$onComplete$3(FutureDirectives.scala:37)
	at akka.http.scaladsl.util.FastFuture$.$anonfun$transformWith$1(FastFuture.scala:37)
	at akka.http.scaladsl.util.FastFuture$.strictTransform$1(FastFuture.scala:41)
	at akka.http.scaladsl.util.FastFuture$.transformWith$extension1(FastFuture.scala:55)
	at akka.http.scaladsl.util.FastFuture$.transformWith$extension0(FastFuture.scala:37)
	at akka.http.scaladsl.server.directives.FutureDirectives.$anonfun$onComplete$2(FutureDirectives.scala:37)
	at akka.http.scaladsl.server.directives.BasicDirectives.$anonfun$textract$2(BasicDirectives.scala:161)
	at akka.http.scaladsl.server.directives.BasicDirectives.$anonfun$mapRouteResult$2(BasicDirectives.scala:68)
	at akka.http.scaladsl.server.directives.BasicDirectives.$anonfun$textract$2(BasicDirectives.scala:161)
	at akka.http.scaladsl.server.RouteConcatenation$RouteWithConcatenation.$anonfun$$tilde$2(RouteConcatenation.scala:47)
	at akka.http.scaladsl.util.FastFuture$.strictTransform$1(FastFuture.scala:41)
	at akka.http.scaladsl.util.FastFuture$.transformWith$extension1(FastFuture.scala:45)
	at akka.http.scaladsl.util.FastFuture$.flatMap$extension(FastFuture.scala:26)
	at akka.http.scaladsl.server.RouteConcatenation$RouteWithConcatenation.$anonfun$$tilde$1(RouteConcatenation.scala:44)
	at akka.http.scaladsl.server.directives.BasicDirectives.$anonfun$mapRequestContext$2(BasicDirectives.scala:45)
	at akka.http.scaladsl.server.directives.BasicDirectives.$anonfun$textract$2(BasicDirectives.scala:161)
	at akka.http.scaladsl.server.RouteConcatenation$RouteWithConcatenation.$anonfun$$tilde$2(RouteConcatenation.scala:47)
	at akka.http.scaladsl.util.FastFuture$.strictTransform$1(FastFuture.scala:41)
	at akka.http.scaladsl.util.FastFuture$.transformWith$extension1(FastFuture.scala:45)
	at akka.http.scaladsl.util.FastFuture$.flatMap$extension(FastFuture.scala:26)
	at akka.http.scaladsl.server.RouteConcatenation$RouteWithConcatenation.$anonfun$$tilde$1(RouteConcatenation.scala:44)
	at akka.http.scaladsl.server.directives.BasicDirectives.$anonfun$mapRequestContext$2(BasicDirectives.scala:45)
	at akka.http.scaladsl.server.directives.BasicDirectives.$anonfun$textract$2(BasicDirectives.scala:161)
	at akka.http.scaladsl.server.RouteConcatenation$RouteWithConcatenation.$anonfun$$tilde$2(RouteConcatenation.scala:47)
	at akka.http.scaladsl.util.FastFuture$.strictTransform$1(FastFuture.scala:41)
	at akka.http.scaladsl.util.FastFuture$.transformWith$extension1(FastFuture.scala:45)
	at akka.http.scaladsl.util.FastFuture$.flatMap$extension(FastFuture.scala:26)
	at akka.http.scaladsl.server.RouteConcatenation$RouteWithConcatenation.$anonfun$$tilde$1(RouteConcatenation.scala:44)
	at akka.http.scaladsl.server.RouteConcatenation$RouteWithConcatenation.$anonfun$$tilde$1(RouteConcatenation.scala:44)
	at akka.http.scaladsl.server.Directive.$anonfun$recover$4(Directive.scala:110)
	at akka.http.scaladsl.server.directives.BasicDirectives.$anonfun$textract$2(BasicDirectives.scala:161)
	at akka.http.scaladsl.server.Directive.$anonfun$recover$2(Directive.scala:110)
	at akka.http.scaladsl.server.directives.BasicDirectives.$anonfun$mapRouteResultWith$2(BasicDirectives.scala:74)
	at akka.http.scaladsl.server.directives.BasicDirectives.$anonfun$textract$2(BasicDirectives.scala:161)
	at akka.http.scaladsl.server.directives.ExecutionDirectives.$anonfun$handleExceptions$2(ExecutionDirectives.scala:32)
	at akka.http.scaladsl.server.directives.BasicDirectives.$anonfun$textract$2(BasicDirectives.scala:161)
	at akka.http.scaladsl.server.Route$.$anonfun$asyncHandler$1(Route.scala:86)
	at akka.stream.impl.fusing.MapAsyncUnordered$$anon$31.onPush(Ops.scala:1375)
	at akka.stream.impl.fusing.GraphInterpreter.processPush(GraphInterpreter.scala:541)
	at akka.stream.impl.fusing.GraphInterpreter.execute(GraphInterpreter.scala:423)
	at akka.stream.impl.fusing.GraphInterpreterShell.runBatch(ActorGraphInterpreter.scala:624)
	at akka.stream.impl.fusing.GraphInterpreterShell$AsyncInput.execute(ActorGraphInterpreter.scala:501)
	at akka.stream.impl.fusing.GraphInterpreterShell.processEvent(ActorGraphInterpreter.scala:599)
	at akka.stream.impl.fusing.ActorGraphInterpreter.akka$stream$impl$fusing$ActorGraphInterpreter$$processEvent(ActorGraphInterpreter.scala:768)
	at akka.stream.impl.fusing.ActorGraphInterpreter$$anonfun$receive$1.applyOrElse(ActorGraphInterpreter.scala:783)
	at akka.actor.Actor.aroundReceive(Actor.scala:533)
	at akka.actor.Actor.aroundReceive$(Actor.scala:531)
	at akka.stream.impl.fusing.ActorGraphInterpreter.aroundReceive(ActorGraphInterpreter.scala:690)
	at akka.actor.ActorCell.receiveMessage(ActorCell.scala:573)
	at akka.actor.ActorCell.invoke(ActorCell.scala:543)
	at akka.dispatch.Mailbox.processMailbox(Mailbox.scala:269)
	at akka.dispatch.Mailbox.run(Mailbox.scala:230)
	at akka.dispatch.Mailbox.exec(Mailbox.scala:242)
	at java.base/java.util.concurrent.ForkJoinTask.doExec(ForkJoinTask.java:290)
	at java.base/java.util.concurrent.ForkJoinPool$WorkQueue.topLevelExec(ForkJoinPool.java:1016)
	at java.base/java.util.concurrent.ForkJoinPool.scan(ForkJoinPool.java:1665)
	at java.base/java.util.concurrent.ForkJoinPool.runWorker(ForkJoinPool.java:1598)
	at java.base/java.util.concurrent.ForkJoinWorkerThread.run(ForkJoinWorkerThread.java:177)
